mode: set
github.com/RyaWcksn/ecommerce/apis/v1/handlers/create_product_handler.go:15.90,20.16 4 1
github.com/RyaWcksn/ecommerce/apis/v1/handlers/create_product_handler.go:20.16,23.3 2 0
github.com/RyaWcksn/ecommerce/apis/v1/handlers/create_product_handler.go:24.2,24.54 1 1
github.com/RyaWcksn/ecommerce/apis/v1/handlers/create_product_handler.go:24.54,27.3 2 0
github.com/RyaWcksn/ecommerce/apis/v1/handlers/create_product_handler.go:29.2,29.53 1 1
github.com/RyaWcksn/ecommerce/apis/v1/handlers/create_product_handler.go:29.53,32.3 2 0
github.com/RyaWcksn/ecommerce/apis/v1/handlers/create_product_handler.go:34.2,35.16 2 1
github.com/RyaWcksn/ecommerce/apis/v1/handlers/create_product_handler.go:35.16,37.3 1 0
github.com/RyaWcksn/ecommerce/apis/v1/handlers/create_product_handler.go:39.2,46.30 2 1
github.com/RyaWcksn/ecommerce/apis/v1/handlers/handler.go:21.73,26.2 1 1
github.com/RyaWcksn/ecommerce/apis/v1/handlers/login_handler.go:16.82,21.16 4 1
github.com/RyaWcksn/ecommerce/apis/v1/handlers/login_handler.go:21.16,24.3 2 0
github.com/RyaWcksn/ecommerce/apis/v1/handlers/login_handler.go:25.2,25.54 1 1
github.com/RyaWcksn/ecommerce/apis/v1/handlers/login_handler.go:25.54,28.3 2 0
github.com/RyaWcksn/ecommerce/apis/v1/handlers/login_handler.go:30.2,30.53 1 1
github.com/RyaWcksn/ecommerce/apis/v1/handlers/login_handler.go:30.53,33.3 2 0
github.com/RyaWcksn/ecommerce/apis/v1/handlers/login_handler.go:34.2,37.16 3 1
github.com/RyaWcksn/ecommerce/apis/v1/handlers/login_handler.go:37.16,40.3 2 0
github.com/RyaWcksn/ecommerce/apis/v1/handlers/login_handler.go:41.2,48.30 2 1
github.com/RyaWcksn/ecommerce/apis/v1/handlers/utils.go:11.66,14.2 2 1
github.com/RyaWcksn/ecommerce/apis/v1/services/service.go:31.36,33.2 1 1
github.com/RyaWcksn/ecommerce/apis/v1/services/service.go:35.67,38.2 2 1
github.com/RyaWcksn/ecommerce/apis/v1/services/service.go:40.69,43.2 2 1
github.com/RyaWcksn/ecommerce/apis/v1/services/service.go:45.72,48.2 2 1
github.com/RyaWcksn/ecommerce/apis/v1/services/service.go:50.69,53.2 2 1
github.com/RyaWcksn/ecommerce/apis/v1/services/service.go:55.73,58.2 2 1
github.com/RyaWcksn/ecommerce/apis/v1/services/service.go:60.62,63.2 2 1
github.com/RyaWcksn/ecommerce/apis/v1/services/service_impl.go:17.103,20.22 2 1
github.com/RyaWcksn/ecommerce/apis/v1/services/service_impl.go:21.23,23.17 2 1
github.com/RyaWcksn/ecommerce/apis/v1/services/service_impl.go:23.17,26.4 2 0
github.com/RyaWcksn/ecommerce/apis/v1/services/service_impl.go:27.24,29.17 2 0
github.com/RyaWcksn/ecommerce/apis/v1/services/service_impl.go:29.17,32.4 2 0
github.com/RyaWcksn/ecommerce/apis/v1/services/service_impl.go:33.10,34.88 1 0
github.com/RyaWcksn/ecommerce/apis/v1/services/service_impl.go:37.2,37.103 1 1
github.com/RyaWcksn/ecommerce/apis/v1/services/service_impl.go:37.103,40.3 2 0
github.com/RyaWcksn/ecommerce/apis/v1/services/service_impl.go:42.2,49.16 3 1
github.com/RyaWcksn/ecommerce/apis/v1/services/service_impl.go:49.16,52.3 2 0
github.com/RyaWcksn/ecommerce/apis/v1/services/service_impl.go:54.2,54.19 1 1
github.com/RyaWcksn/ecommerce/apis/v1/services/service_impl.go:58.99,70.16 5 1
github.com/RyaWcksn/ecommerce/apis/v1/services/service_impl.go:70.16,73.3 2 0
github.com/RyaWcksn/ecommerce/apis/v1/services/service_impl.go:75.2,75.12 1 1
github.com/RyaWcksn/ecommerce/apis/v1/services/service_impl.go:79.123,84.16 4 1
github.com/RyaWcksn/ecommerce/apis/v1/services/service_impl.go:84.16,87.3 2 0
github.com/RyaWcksn/ecommerce/apis/v1/services/service_impl.go:89.2,89.22 1 1
github.com/RyaWcksn/ecommerce/apis/v1/services/service_mock.go:28.61,32.2 3 0
github.com/RyaWcksn/ecommerce/apis/v1/services/service_mock.go:35.59,37.2 1 0
github.com/RyaWcksn/ecommerce/apis/v1/services/service_mock.go:40.100,45.2 4 0
github.com/RyaWcksn/ecommerce/apis/v1/services/service_mock.go:48.90,51.2 2 0
github.com/RyaWcksn/ecommerce/apis/v1/services/service_mock.go:54.108,60.2 5 0
github.com/RyaWcksn/ecommerce/apis/v1/services/service_mock.go:63.87,66.2 2 0
github.com/RyaWcksn/ecommerce/apis/v1/services/service_mock.go:69.94,75.2 5 0
github.com/RyaWcksn/ecommerce/apis/v1/services/service_mock.go:78.82,81.2 2 0
github.com/RyaWcksn/ecommerce/domain/buyer/buyer.go:15.63,20.2 1 1
github.com/RyaWcksn/ecommerce/domain/buyer/buyer_impl.go:13.105,19.16 5 1
github.com/RyaWcksn/ecommerce/domain/buyer/buyer_impl.go:19.16,21.27 2 0
github.com/RyaWcksn/ecommerce/domain/buyer/buyer_impl.go:21.27,23.4 1 0
github.com/RyaWcksn/ecommerce/domain/buyer/buyer_impl.go:24.3,24.58 1 0
github.com/RyaWcksn/ecommerce/domain/buyer/buyer_impl.go:27.2,27.22 1 1
github.com/RyaWcksn/ecommerce/domain/product/product.go:15.64,20.2 1 1
github.com/RyaWcksn/ecommerce/domain/product/product_impl.go:12.102,17.16 4 0
github.com/RyaWcksn/ecommerce/domain/product/product_impl.go:17.16,20.3 2 0
github.com/RyaWcksn/ecommerce/domain/product/product_impl.go:22.2,23.16 2 0
github.com/RyaWcksn/ecommerce/domain/product/product_impl.go:23.16,26.3 2 0
github.com/RyaWcksn/ecommerce/domain/product/product_impl.go:28.2,31.16 3 0
github.com/RyaWcksn/ecommerce/domain/product/product_impl.go:31.16,35.3 3 0
github.com/RyaWcksn/ecommerce/domain/product/product_impl.go:37.2,38.16 2 0
github.com/RyaWcksn/ecommerce/domain/product/product_impl.go:38.16,42.3 3 0
github.com/RyaWcksn/ecommerce/domain/product/product_impl.go:43.2,43.13 1 0
github.com/RyaWcksn/ecommerce/domain/product/product_impl.go:43.13,47.3 3 0
github.com/RyaWcksn/ecommerce/domain/product/product_impl.go:49.2,50.16 2 0
github.com/RyaWcksn/ecommerce/domain/product/product_impl.go:50.16,53.3 2 0
github.com/RyaWcksn/ecommerce/domain/product/product_impl.go:55.2,55.12 1 0
github.com/RyaWcksn/ecommerce/domain/product/product_impl.go:60.116,67.16 5 1
github.com/RyaWcksn/ecommerce/domain/product/product_impl.go:67.16,70.3 2 0
github.com/RyaWcksn/ecommerce/domain/product/product_impl.go:71.2,73.18 2 1
github.com/RyaWcksn/ecommerce/domain/product/product_impl.go:73.18,76.125 2 1
github.com/RyaWcksn/ecommerce/domain/product/product_impl.go:76.125,79.4 2 0
github.com/RyaWcksn/ecommerce/domain/product/product_impl.go:81.3,81.47 1 1
github.com/RyaWcksn/ecommerce/domain/product/product_impl.go:84.2,84.27 1 1
github.com/RyaWcksn/ecommerce/domain/seller/seller.go:15.65,20.2 1 1
github.com/RyaWcksn/ecommerce/domain/seller/seller_impl.go:13.106,19.16 5 1
github.com/RyaWcksn/ecommerce/domain/seller/seller_impl.go:19.16,21.27 2 0
github.com/RyaWcksn/ecommerce/domain/seller/seller_impl.go:21.27,23.4 1 0
github.com/RyaWcksn/ecommerce/domain/seller/seller_impl.go:24.3,24.58 1 0
github.com/RyaWcksn/ecommerce/domain/seller/seller_impl.go:27.2,27.22 1 1
